[0m15:23:05.066150 [debug] [MainThread]: Sending event: {'category': 'dbt', 'action': 'invocation', 'label': 'start', 'context': [<snowplow_tracker.self_describing_json.SelfDescribingJson object at 0x0000027E378C6080>, <snowplow_tracker.self_describing_json.SelfDescribingJson object at 0x0000027E37980130>, <snowplow_tracker.self_describing_json.SelfDescribingJson object at 0x0000027E39811330>]}


============================== 15:23:05.070493 | 5ecefe89-2d50-4ed5-b74c-75d4d45cf38f ==============================
[0m15:23:05.070493 [info ] [MainThread]: Running with dbt=1.10.3
[0m15:23:05.080625 [debug] [MainThread]: running dbt with arguments {'printer_width': '80', 'indirect_selection': 'eager', 'log_cache_events': 'False', 'write_json': 'True', 'partial_parse': 'True', 'cache_selected_only': 'False', 'profiles_dir': 'C:\\Users\\Kwang\\.dbt', 'debug': 'False', 'fail_fast': 'False', 'log_path': 'logs', 'warn_error': 'None', 'version_check': 'True', 'use_colors': 'True', 'use_experimental_parser': 'False', 'no_print': 'None', 'quiet': 'False', 'empty': 'None', 'warn_error_options': 'WarnErrorOptionsV2(error=[], warn=[], silence=[])', 'introspect': 'True', 'log_format': 'default', 'invocation_command': 'dbt init my_dbt_project', 'target_path': 'None', 'static_parser': 'True', 'send_anonymous_usage_stats': 'True'}
[0m15:23:05.537995 [debug] [MainThread]: Starter project path: C:\Users\Kwang\KwangExperiment\GCPToLookerStudio\myenv\lib\site-packages\dbt\include\starter_project
[0m15:23:05.759080 [info ] [MainThread]: 
Your new dbt project "my_dbt_project" was created!

For more information on how to configure the profiles.yml file,
please consult the dbt documentation here:

  https://docs.getdbt.com/docs/configure-your-profile

One more thing:

Need help? Don't hesitate to reach out to us via GitHub issues or on Slack:

  https://community.getdbt.com/

Happy modeling!

[0m15:23:05.759080 [info ] [MainThread]: Setting up your profile.
[0m15:29:59.135879 [info ] [MainThread]: Profile my_dbt_project written to C:\Users\Kwang\.dbt\profiles.yml using target's profile_template.yml and your supplied values. Run 'dbt debug' to validate the connection.
[0m15:29:59.137878 [debug] [MainThread]: Command `dbt init` succeeded at 15:29:59.137878 after 414.35 seconds
[0m15:29:59.138878 [debug] [MainThread]: Sending event: {'category': 'dbt', 'action': 'invocation', 'label': 'end', 'context': [<snowplow_tracker.self_describing_json.SelfDescribingJson object at 0x0000027E378C6080>, <snowplow_tracker.self_describing_json.SelfDescribingJson object at 0x0000027E645A5B70>, <snowplow_tracker.self_describing_json.SelfDescribingJson object at 0x0000027E645A50F0>]}
[0m15:29:59.139880 [debug] [MainThread]: Flushing usage events
[0m15:29:59.615716 [debug] [MainThread]: An error was encountered while trying to flush usage events
[0m15:37:11.192715 [debug] [MainThread]: Sending event: {'category': 'dbt', 'action': 'invocation', 'label': 'start', 'context': [<snowplow_tracker.self_describing_json.SelfDescribingJson object at 0x0000029F61686140>, <snowplow_tracker.self_describing_json.SelfDescribingJson object at 0x0000029F61751E40>, <snowplow_tracker.self_describing_json.SelfDescribingJson object at 0x0000029F63511780>]}


============================== 15:37:11.192715 | 66ad4104-4a33-446e-aaee-02e7bb560809 ==============================
[0m15:37:11.192715 [info ] [MainThread]: Running with dbt=1.10.3
[0m15:37:11.192715 [debug] [MainThread]: running dbt with arguments {'printer_width': '80', 'indirect_selection': 'eager', 'log_cache_events': 'False', 'write_json': 'True', 'partial_parse': 'True', 'cache_selected_only': 'False', 'warn_error': 'None', 'version_check': 'True', 'fail_fast': 'False', 'log_path': 'logs', 'debug': 'False', 'profiles_dir': 'C:\\Users\\Kwang\\.dbt', 'use_colors': 'True', 'use_experimental_parser': 'False', 'empty': 'None', 'quiet': 'False', 'no_print': 'None', 'warn_error_options': 'WarnErrorOptionsV2(error=[], warn=[], silence=[])', 'static_parser': 'True', 'invocation_command': 'dbt debug', 'log_format': 'default', 'target_path': 'None', 'introspect': 'True', 'send_anonymous_usage_stats': 'True'}
[0m15:37:11.245119 [info ] [MainThread]: dbt version: 1.10.3
[0m15:37:11.246096 [info ] [MainThread]: python version: 3.10.11
[0m15:37:11.246659 [info ] [MainThread]: python path: C:\Users\Kwang\KwangExperiment\GCPToLookerStudio\myenv\Scripts\python.exe
[0m15:37:11.247502 [info ] [MainThread]: os info: Windows-10-10.0.26100-SP0
[0m15:37:14.623354 [info ] [MainThread]: Using profiles dir at C:\Users\Kwang\.dbt
[0m15:37:14.623354 [info ] [MainThread]: Using profiles.yml file at C:\Users\Kwang\.dbt\profiles.yml
[0m15:37:14.623354 [info ] [MainThread]: Using dbt_project.yml file at C:\Users\Kwang\KwangExperiment\GCPToLookerStudio\dbt_project.yml
[0m15:37:14.623354 [error] [MainThread]: Encountered an error:
Internal Error
  Profile should not be None if loading profile completed
[0m15:37:14.623354 [debug] [MainThread]: Command `dbt debug` failed at 15:37:14.623354 after 3.63 seconds
[0m15:37:14.623354 [debug] [MainThread]: Sending event: {'category': 'dbt', 'action': 'invocation', 'label': 'end', 'context': [<snowplow_tracker.self_describing_json.SelfDescribingJson object at 0x0000029F61686140>, <snowplow_tracker.self_describing_json.SelfDescribingJson object at 0x0000029F045A8D00>, <snowplow_tracker.self_describing_json.SelfDescribingJson object at 0x0000029F0E443CA0>]}
[0m15:37:14.623354 [debug] [MainThread]: Flushing usage events
[0m15:37:15.063221 [debug] [MainThread]: An error was encountered while trying to flush usage events
[0m15:38:16.595265 [debug] [MainThread]: Sending event: {'category': 'dbt', 'action': 'invocation', 'label': 'start', 'context': [<snowplow_tracker.self_describing_json.SelfDescribingJson object at 0x000002230F8A6020>, <snowplow_tracker.self_describing_json.SelfDescribingJson object at 0x0000022311811660>, <snowplow_tracker.self_describing_json.SelfDescribingJson object at 0x00000223118112A0>]}


============================== 15:38:16.602238 | eb1e159b-d903-43ea-860a-c2a31b7a5335 ==============================
[0m15:38:16.602238 [info ] [MainThread]: Running with dbt=1.10.3
[0m15:38:16.603349 [debug] [MainThread]: running dbt with arguments {'printer_width': '80', 'indirect_selection': 'eager', 'log_cache_events': 'False', 'write_json': 'True', 'partial_parse': 'True', 'cache_selected_only': 'False', 'warn_error': 'None', 'version_check': 'True', 'profiles_dir': 'C:\\Users\\Kwang\\.dbt', 'log_path': 'logs', 'debug': 'False', 'fail_fast': 'False', 'use_colors': 'True', 'use_experimental_parser': 'False', 'no_print': 'None', 'quiet': 'False', 'empty': 'None', 'log_format': 'default', 'introspect': 'True', 'static_parser': 'True', 'warn_error_options': 'WarnErrorOptionsV2(error=[], warn=[], silence=[])', 'target_path': 'None', 'invocation_command': 'dbt debug', 'send_anonymous_usage_stats': 'True'}
[0m15:38:16.624269 [info ] [MainThread]: dbt version: 1.10.3
[0m15:38:16.626363 [info ] [MainThread]: python version: 3.10.11
[0m15:38:16.627364 [info ] [MainThread]: python path: C:\Users\Kwang\KwangExperiment\GCPToLookerStudio\myenv\Scripts\python.exe
[0m15:38:16.628363 [info ] [MainThread]: os info: Windows-10-10.0.26100-SP0
[0m15:38:19.738330 [info ] [MainThread]: Using profiles dir at C:\Users\Kwang\.dbt
[0m15:38:19.738330 [info ] [MainThread]: Using profiles.yml file at C:\Users\Kwang\.dbt\profiles.yml
[0m15:38:19.738330 [info ] [MainThread]: Using dbt_project.yml file at C:\Users\Kwang\KwangExperiment\GCPToLookerStudio\dbt_project.yml
[0m15:38:19.754485 [info ] [MainThread]: adapter type: bigquery
[0m15:38:19.754485 [info ] [MainThread]: adapter version: 1.9.2
[0m15:38:19.754485 [info ] [MainThread]: Configuration:
[0m15:38:19.754485 [info ] [MainThread]:   profiles.yml file [[32mOK found and valid[0m]
[0m15:38:19.754485 [info ] [MainThread]:   dbt_project.yml file [[31mERROR not found[0m]
[0m15:38:19.770538 [info ] [MainThread]: Required dependencies:
[0m15:38:19.775237 [debug] [MainThread]: Executing "git --help"
[0m15:38:19.872960 [debug] [MainThread]: STDOUT: "b"usage: git [-v | --version] [-h | --help] [-C <path>] [-c <name>=<value>]\n           [--exec-path[=<path>]] [--html-path] [--man-path] [--info-path]\n           [-p | --paginate | -P | --no-pager] [--no-replace-objects] [--bare]\n           [--git-dir=<path>] [--work-tree=<path>] [--namespace=<name>]\n           [--config-env=<name>=<envvar>] <command> [<args>]\n\nThese are common Git commands used in various situations:\n\nstart a working area (see also: git help tutorial)\n   clone     Clone a repository into a new directory\n   init      Create an empty Git repository or reinitialize an existing one\n\nwork on the current change (see also: git help everyday)\n   add       Add file contents to the index\n   mv        Move or rename a file, a directory, or a symlink\n   restore   Restore working tree files\n   rm        Remove files from the working tree and from the index\n\nexamine the history and state (see also: git help revisions)\n   bisect    Use binary search to find the commit that introduced a bug\n   diff      Show changes between commits, commit and working tree, etc\n   grep      Print lines matching a pattern\n   log       Show commit logs\n   show      Show various types of objects\n   status    Show the working tree status\n\ngrow, mark and tweak your common history\n   branch    List, create, or delete branches\n   commit    Record changes to the repository\n   merge     Join two or more development histories together\n   rebase    Reapply commits on top of another base tip\n   reset     Reset current HEAD to the specified state\n   switch    Switch branches\n   tag       Create, list, delete or verify a tag object signed with GPG\n\ncollaborate (see also: git help workflows)\n   fetch     Download objects and refs from another repository\n   pull      Fetch from and integrate with another repository or a local branch\n   push      Update remote refs along with associated objects\n\n'git help -a' and 'git help -g' list available subcommands and some\nconcept guides. See 'git help <command>' or 'git help <concept>'\nto read about a specific subcommand or concept.\nSee 'git help git' for an overview of the system.\n""
[0m15:38:19.873955 [debug] [MainThread]: STDERR: "b''"
[0m15:38:19.874990 [info ] [MainThread]:  - git [[32mOK found[0m]

[0m15:38:19.876263 [info ] [MainThread]: Connection:
[0m15:38:19.877436 [info ] [MainThread]:   method: service-account
[0m15:38:19.878550 [info ] [MainThread]:   database: savvy-depot-465313-h2
[0m15:38:19.879449 [info ] [MainThread]:   execution_project: savvy-depot-465313-h2
[0m15:38:19.880493 [info ] [MainThread]:   schema: rightmove_property
[0m15:38:19.881517 [info ] [MainThread]:   location: EU
[0m15:38:19.882448 [info ] [MainThread]:   priority: interactive
[0m15:38:19.883449 [info ] [MainThread]:   maximum_bytes_billed: None
[0m15:38:19.884550 [info ] [MainThread]:   impersonate_service_account: None
[0m15:38:19.885642 [info ] [MainThread]:   job_retry_deadline_seconds: None
[0m15:38:19.886650 [info ] [MainThread]:   job_retries: 1
[0m15:38:19.886650 [info ] [MainThread]:   job_creation_timeout_seconds: None
[0m15:38:19.887543 [info ] [MainThread]:   job_execution_timeout_seconds: 300
[0m15:38:19.888543 [info ] [MainThread]:   timeout_seconds: 300
[0m15:38:19.889672 [info ] [MainThread]:   client_id: None
[0m15:38:19.890545 [info ] [MainThread]:   token_uri: None
[0m15:38:19.891973 [info ] [MainThread]:   compute_region: None
[0m15:38:19.892927 [info ] [MainThread]:   dataproc_cluster_name: None
[0m15:38:19.893740 [info ] [MainThread]:   gcs_bucket: None
[0m15:38:19.895180 [info ] [MainThread]:   dataproc_batch: None
[0m15:38:19.895180 [info ] [MainThread]: Registered adapter: bigquery=1.9.2
[0m15:38:20.578940 [debug] [MainThread]: Acquiring new bigquery connection 'debug'
[0m15:38:20.582072 [debug] [MainThread]: On debug: select 1 as id
[0m15:38:20.582072 [debug] [MainThread]: Opening a new connection, currently in state init
[0m15:38:23.362798 [debug] [MainThread]: BigQuery adapter: https://console.cloud.google.com/bigquery?project=savvy-depot-465313-h2&j=bq:EU:6cd04c89-b397-4dc5-9cb1-5e7e95dc1fb0&page=queryresults
[0m15:38:38.284666 [info ] [MainThread]:   Connection test: [[32mOK connection ok[0m]

[0m15:38:38.284666 [info ] [MainThread]: [31m1 check failed:[0m
[0m15:38:38.284666 [info ] [MainThread]: Project loading failed for the following reason:
 project path <C:\Users\Kwang\KwangExperiment\GCPToLookerStudio\dbt_project.yml> not found

[0m15:38:38.313085 [debug] [MainThread]: Command `dbt debug` failed at 15:38:38.312064 after 21.91 seconds
[0m15:38:38.317202 [debug] [MainThread]: Connection 'debug' was properly closed.
[0m15:38:38.324136 [debug] [MainThread]: Sending event: {'category': 'dbt', 'action': 'invocation', 'label': 'end', 'context': [<snowplow_tracker.self_describing_json.SelfDescribingJson object at 0x000002230F8A6020>, <snowplow_tracker.self_describing_json.SelfDescribingJson object at 0x000002233C58D1E0>, <snowplow_tracker.self_describing_json.SelfDescribingJson object at 0x0000022332798D00>]}
[0m15:38:38.329749 [debug] [MainThread]: Flushing usage events
[0m15:38:38.736820 [debug] [MainThread]: An error was encountered while trying to flush usage events
[0m15:40:47.933239 [debug] [MainThread]: Sending event: {'category': 'dbt', 'action': 'invocation', 'label': 'start', 'context': [<snowplow_tracker.self_describing_json.SelfDescribingJson object at 0x0000024C0CD86080>, <snowplow_tracker.self_describing_json.SelfDescribingJson object at 0x0000024C0CE40130>, <snowplow_tracker.self_describing_json.SelfDescribingJson object at 0x0000024C0DC11300>]}


============================== 15:40:47.954008 | d211f2ab-329b-4b29-8e02-f51620ff683b ==============================
[0m15:40:47.954008 [info ] [MainThread]: Running with dbt=1.10.3
[0m15:40:47.954008 [debug] [MainThread]: running dbt with arguments {'printer_width': '80', 'indirect_selection': 'eager', 'write_json': 'True', 'log_cache_events': 'False', 'partial_parse': 'True', 'cache_selected_only': 'False', 'warn_error': 'None', 'debug': 'False', 'fail_fast': 'False', 'log_path': 'logs', 'profiles_dir': 'C:\\Users\\Kwang\\.dbt', 'version_check': 'True', 'use_colors': 'True', 'use_experimental_parser': 'False', 'no_print': 'None', 'quiet': 'False', 'empty': 'None', 'log_format': 'default', 'introspect': 'True', 'warn_error_options': 'WarnErrorOptionsV2(error=[], warn=[], silence=[])', 'static_parser': 'True', 'target_path': 'None', 'invocation_command': 'dbt debug', 'send_anonymous_usage_stats': 'True'}
[0m15:40:48.019650 [info ] [MainThread]: dbt version: 1.10.3
[0m15:40:48.020623 [info ] [MainThread]: python version: 3.10.11
[0m15:40:48.022650 [info ] [MainThread]: python path: C:\Users\Kwang\KwangExperiment\GCPToLookerStudio\myenv\Scripts\python.exe
[0m15:40:48.023649 [info ] [MainThread]: os info: Windows-10-10.0.26100-SP0
[0m15:40:51.397712 [info ] [MainThread]: Using profiles dir at C:\Users\Kwang\.dbt
[0m15:40:51.397712 [info ] [MainThread]: Using profiles.yml file at C:\Users\Kwang\.dbt\profiles.yml
[0m15:40:51.397712 [info ] [MainThread]: Using dbt_project.yml file at C:\Users\Kwang\KwangExperiment\GCPToLookerStudio\dbt_project.yml
[0m15:40:51.397712 [info ] [MainThread]: adapter type: bigquery
[0m15:40:51.397712 [info ] [MainThread]: adapter version: 1.9.2
[0m15:40:51.397712 [info ] [MainThread]: Configuration:
[0m15:40:51.397712 [info ] [MainThread]:   profiles.yml file [[32mOK found and valid[0m]
[0m15:40:51.397712 [info ] [MainThread]:   dbt_project.yml file [[31mERROR not found[0m]
[0m15:40:51.405384 [info ] [MainThread]: Required dependencies:
[0m15:40:51.406490 [debug] [MainThread]: Executing "git --help"
[0m15:40:51.499663 [debug] [MainThread]: STDOUT: "b"usage: git [-v | --version] [-h | --help] [-C <path>] [-c <name>=<value>]\n           [--exec-path[=<path>]] [--html-path] [--man-path] [--info-path]\n           [-p | --paginate | -P | --no-pager] [--no-replace-objects] [--bare]\n           [--git-dir=<path>] [--work-tree=<path>] [--namespace=<name>]\n           [--config-env=<name>=<envvar>] <command> [<args>]\n\nThese are common Git commands used in various situations:\n\nstart a working area (see also: git help tutorial)\n   clone     Clone a repository into a new directory\n   init      Create an empty Git repository or reinitialize an existing one\n\nwork on the current change (see also: git help everyday)\n   add       Add file contents to the index\n   mv        Move or rename a file, a directory, or a symlink\n   restore   Restore working tree files\n   rm        Remove files from the working tree and from the index\n\nexamine the history and state (see also: git help revisions)\n   bisect    Use binary search to find the commit that introduced a bug\n   diff      Show changes between commits, commit and working tree, etc\n   grep      Print lines matching a pattern\n   log       Show commit logs\n   show      Show various types of objects\n   status    Show the working tree status\n\ngrow, mark and tweak your common history\n   branch    List, create, or delete branches\n   commit    Record changes to the repository\n   merge     Join two or more development histories together\n   rebase    Reapply commits on top of another base tip\n   reset     Reset current HEAD to the specified state\n   switch    Switch branches\n   tag       Create, list, delete or verify a tag object signed with GPG\n\ncollaborate (see also: git help workflows)\n   fetch     Download objects and refs from another repository\n   pull      Fetch from and integrate with another repository or a local branch\n   push      Update remote refs along with associated objects\n\n'git help -a' and 'git help -g' list available subcommands and some\nconcept guides. See 'git help <command>' or 'git help <concept>'\nto read about a specific subcommand or concept.\nSee 'git help git' for an overview of the system.\n""
[0m15:40:51.500663 [debug] [MainThread]: STDERR: "b''"
[0m15:40:51.501663 [info ] [MainThread]:  - git [[32mOK found[0m]

[0m15:40:51.502663 [info ] [MainThread]: Connection:
[0m15:40:51.503649 [info ] [MainThread]:   method: service-account
[0m15:40:51.503649 [info ] [MainThread]:   database: savvy-depot-465313-h2
[0m15:40:51.505649 [info ] [MainThread]:   execution_project: savvy-depot-465313-h2
[0m15:40:51.505649 [info ] [MainThread]:   schema: rightmove_property
[0m15:40:51.506665 [info ] [MainThread]:   location: EU
[0m15:40:51.507665 [info ] [MainThread]:   priority: interactive
[0m15:40:51.509326 [info ] [MainThread]:   maximum_bytes_billed: None
[0m15:40:51.511205 [info ] [MainThread]:   impersonate_service_account: None
[0m15:40:51.512292 [info ] [MainThread]:   job_retry_deadline_seconds: None
[0m15:40:51.513290 [info ] [MainThread]:   job_retries: 1
[0m15:40:51.514140 [info ] [MainThread]:   job_creation_timeout_seconds: None
[0m15:40:51.514140 [info ] [MainThread]:   job_execution_timeout_seconds: 300
[0m15:40:51.514140 [info ] [MainThread]:   timeout_seconds: 300
[0m15:40:51.514140 [info ] [MainThread]:   client_id: None
[0m15:40:51.519443 [info ] [MainThread]:   token_uri: None
[0m15:40:51.520479 [info ] [MainThread]:   compute_region: None
[0m15:40:51.521469 [info ] [MainThread]:   dataproc_cluster_name: None
[0m15:40:51.522451 [info ] [MainThread]:   gcs_bucket: None
[0m15:40:51.522451 [info ] [MainThread]:   dataproc_batch: None
[0m15:40:51.524171 [info ] [MainThread]: Registered adapter: bigquery=1.9.2
[0m15:40:52.189099 [debug] [MainThread]: Acquiring new bigquery connection 'debug'
[0m15:40:52.190103 [debug] [MainThread]: On debug: select 1 as id
[0m15:40:52.191112 [debug] [MainThread]: Opening a new connection, currently in state init
[0m15:40:52.884099 [debug] [MainThread]: BigQuery adapter: https://console.cloud.google.com/bigquery?project=savvy-depot-465313-h2&j=bq:EU:8c8bbec7-0267-40f6-b596-57772ce9610e&page=queryresults
[0m15:40:53.420452 [info ] [MainThread]:   Connection test: [[32mOK connection ok[0m]

[0m15:40:53.427193 [info ] [MainThread]: [31m1 check failed:[0m
[0m15:40:53.428167 [info ] [MainThread]: Project loading failed for the following reason:
 project path <C:\Users\Kwang\KwangExperiment\GCPToLookerStudio\dbt_project.yml> not found

[0m15:40:53.436880 [debug] [MainThread]: Command `dbt debug` failed at 15:40:53.436880 after 5.63 seconds
[0m15:40:53.437798 [debug] [MainThread]: Connection 'debug' was properly closed.
[0m15:40:53.438405 [debug] [MainThread]: Sending event: {'category': 'dbt', 'action': 'invocation', 'label': 'end', 'context': [<snowplow_tracker.self_describing_json.SelfDescribingJson object at 0x0000024C0CD86080>, <snowplow_tracker.self_describing_json.SelfDescribingJson object at 0x0000024C38AA6770>, <snowplow_tracker.self_describing_json.SelfDescribingJson object at 0x0000024C38AA7460>]}
[0m15:40:53.439551 [debug] [MainThread]: Flushing usage events
[0m15:40:53.872431 [debug] [MainThread]: An error was encountered while trying to flush usage events
[0m16:25:04.555162 [debug] [MainThread]: Sending event: {'category': 'dbt', 'action': 'invocation', 'label': 'start', 'context': [<snowplow_tracker.self_describing_json.SelfDescribingJson object at 0x0000024479886110>, <snowplow_tracker.self_describing_json.SelfDescribingJson object at 0x000002447B711F90>, <snowplow_tracker.self_describing_json.SelfDescribingJson object at 0x000002447B7114E0>]}


============================== 16:25:04.568319 | 00baf0b1-5e54-42e6-97a3-edbd6e4e1c19 ==============================
[0m16:25:04.568319 [info ] [MainThread]: Running with dbt=1.10.3
[0m16:25:04.568319 [debug] [MainThread]: running dbt with arguments {'printer_width': '80', 'indirect_selection': 'eager', 'write_json': 'True', 'log_cache_events': 'False', 'partial_parse': 'True', 'cache_selected_only': 'False', 'warn_error': 'None', 'debug': 'False', 'profiles_dir': 'C:\\Users\\Kwang\\.dbt', 'log_path': 'logs', 'version_check': 'True', 'fail_fast': 'False', 'use_colors': 'True', 'use_experimental_parser': 'False', 'empty': 'False', 'quiet': 'False', 'no_print': 'None', 'log_format': 'default', 'static_parser': 'True', 'invocation_command': 'dbt compile -m stg_properties', 'introspect': 'True', 'target_path': 'None', 'warn_error_options': 'WarnErrorOptionsV2(error=[], warn=[], silence=[])', 'send_anonymous_usage_stats': 'True'}
[0m16:25:04.568319 [warn ] [MainThread]: [[33mWARNING[0m]: Deprecated functionality
Usage of `--models`, `--model`, and `-m` is deprecated in favor of
`--resource-type model --select`
[0m16:25:04.568319 [debug] [MainThread]: Sending event: {'category': 'dbt', 'action': 'deprecation', 'label': '00baf0b1-5e54-42e6-97a3-edbd6e4e1c19', 'property_': 'warn', 'context': [<snowplow_tracker.self_describing_json.SelfDescribingJson object at 0x000002447B712A70>]}
[0m16:25:04.568319 [error] [MainThread]: Encountered an error:
Runtime Error
  dbt_project.yml does not parse to a dictionary
[0m16:25:04.568319 [warn ] [MainThread]: [[33mWARNING[0m][DeprecationsSummary]: Deprecated functionality
Summary of encountered deprecations:
- ModelParamUsageDeprecation: 1 occurrence
To see all deprecation instances instead of just the first occurrence of each,
run command again with the `--show-all-deprecations` flag. You may also need to
run with `--no-partial-parse` as some deprecations are only encountered during
parsing.
[0m16:25:04.580219 [debug] [MainThread]: Command `dbt compile` failed at 16:25:04.580219 after 0.40 seconds
[0m16:25:04.582234 [debug] [MainThread]: Sending event: {'category': 'dbt', 'action': 'invocation', 'label': 'end', 'context': [<snowplow_tracker.self_describing_json.SelfDescribingJson object at 0x0000024479886110>, <snowplow_tracker.self_describing_json.SelfDescribingJson object at 0x000002447B710C10>, <snowplow_tracker.self_describing_json.SelfDescribingJson object at 0x000002447B711F90>]}
[0m16:25:04.582234 [debug] [MainThread]: Flushing usage events
[0m16:25:05.007913 [debug] [MainThread]: An error was encountered while trying to flush usage events
[0m16:25:56.289443 [debug] [MainThread]: Sending event: {'category': 'dbt', 'action': 'invocation', 'label': 'start', 'context': [<snowplow_tracker.self_describing_json.SelfDescribingJson object at 0x000001E4B5A86110>, <snowplow_tracker.self_describing_json.SelfDescribingJson object at 0x000001E4B5B571C0>, <snowplow_tracker.self_describing_json.SelfDescribingJson object at 0x000001E4B79112A0>]}


============================== 16:25:56.313540 | f7d04bff-c26a-473c-83e1-3d9bd10aff01 ==============================
[0m16:25:56.313540 [info ] [MainThread]: Running with dbt=1.10.3
[0m16:25:56.313540 [debug] [MainThread]: running dbt with arguments {'printer_width': '80', 'indirect_selection': 'eager', 'write_json': 'True', 'log_cache_events': 'False', 'partial_parse': 'True', 'cache_selected_only': 'False', 'profiles_dir': 'C:\\Users\\Kwang\\.dbt', 'fail_fast': 'False', 'version_check': 'True', 'log_path': 'C:\\Users\\Kwang\\KwangExperiment\\GCPToLookerStudio\\logs', 'warn_error': 'None', 'debug': 'False', 'use_colors': 'True', 'use_experimental_parser': 'False', 'empty': 'False', 'quiet': 'False', 'no_print': 'None', 'warn_error_options': 'WarnErrorOptionsV2(error=[], warn=[], silence=[])', 'introspect': 'True', 'static_parser': 'True', 'invocation_command': 'dbt compile -m stg_properties', 'target_path': 'None', 'log_format': 'default', 'send_anonymous_usage_stats': 'True'}
[0m16:25:56.313540 [warn ] [MainThread]: [[33mWARNING[0m]: Deprecated functionality
Usage of `--models`, `--model`, and `-m` is deprecated in favor of
`--resource-type model --select`
[0m16:25:56.321304 [debug] [MainThread]: Sending event: {'category': 'dbt', 'action': 'deprecation', 'label': 'f7d04bff-c26a-473c-83e1-3d9bd10aff01', 'property_': 'warn', 'context': [<snowplow_tracker.self_describing_json.SelfDescribingJson object at 0x000001E4B78CBDC0>]}
[0m16:25:59.940876 [debug] [MainThread]: Sending event: {'category': 'dbt', 'action': 'project_id', 'label': 'f7d04bff-c26a-473c-83e1-3d9bd10aff01', 'context': [<snowplow_tracker.self_describing_json.SelfDescribingJson object at 0x000001E4B794D9C0>]}
[0m16:26:00.017526 [debug] [MainThread]: Sending event: {'category': 'dbt', 'action': 'adapter_info', 'label': 'f7d04bff-c26a-473c-83e1-3d9bd10aff01', 'context': [<snowplow_tracker.self_describing_json.SelfDescribingJson object at 0x000001E4B5C24280>]}
[0m16:26:00.019275 [info ] [MainThread]: Registered adapter: bigquery=1.9.2
[0m16:26:00.758858 [debug] [MainThread]: checksum: 1bfacb87e6914c9942cfa2c4badfc1df19d859fe8ec086286ef238a7d920f97b, vars: {}, profile: , target: , version: 1.10.3
[0m16:26:00.758858 [info ] [MainThread]: Unable to do partial parsing because saved manifest not found. Starting full parse.
[0m16:26:00.758858 [debug] [MainThread]: Sending event: {'category': 'dbt', 'action': 'partial_parser', 'label': 'f7d04bff-c26a-473c-83e1-3d9bd10aff01', 'context': [<snowplow_tracker.self_describing_json.SelfDescribingJson object at 0x000001E4E286FD00>]}
[0m16:26:09.411262 [warn ] [MainThread]: [[33mWARNING[0m]: Configuration paths exist in your dbt_project.yml file which do not apply to any resources.
There are 2 unused configuration paths:
- models.my_dbt_project.serving
- models.my_dbt_project.staging
[0m16:26:09.411262 [debug] [MainThread]: Sending event: {'category': 'dbt', 'action': 'load_project', 'label': 'f7d04bff-c26a-473c-83e1-3d9bd10aff01', 'context': [<snowplow_tracker.self_describing_json.SelfDescribingJson object at 0x000001E4E27B9420>]}
[0m16:26:09.492033 [debug] [MainThread]: Wrote artifact WritableManifest to C:\Users\Kwang\KwangExperiment\GCPToLookerStudio\target\manifest.json
[0m16:26:09.550711 [debug] [MainThread]: Wrote artifact SemanticManifest to C:\Users\Kwang\KwangExperiment\GCPToLookerStudio\target\semantic_manifest.json
[0m16:26:09.829453 [debug] [MainThread]: Sending event: {'category': 'dbt', 'action': 'resource_counts', 'label': 'f7d04bff-c26a-473c-83e1-3d9bd10aff01', 'context': [<snowplow_tracker.self_describing_json.SelfDescribingJson object at 0x000001E4E2D34EE0>]}
[0m16:26:09.833519 [info ] [MainThread]: Found 493 macros
[0m16:26:09.835546 [debug] [MainThread]: Sending event: {'category': 'dbt', 'action': 'runnable_timing', 'label': 'f7d04bff-c26a-473c-83e1-3d9bd10aff01', 'context': [<snowplow_tracker.self_describing_json.SelfDescribingJson object at 0x000001E4E2D66AD0>]}
[0m16:26:09.845658 [warn ] [MainThread]: The selection criterion 'stg_properties' does not match any enabled nodes
[0m16:26:09.857050 [warn ] [MainThread]: Nothing to do. Try checking your model configs and model specification args
[0m16:26:09.864959 [debug] [MainThread]: Command end result
[0m16:26:09.916037 [debug] [MainThread]: Wrote artifact WritableManifest to C:\Users\Kwang\KwangExperiment\GCPToLookerStudio\target\manifest.json
[0m16:26:09.920070 [debug] [MainThread]: Wrote artifact SemanticManifest to C:\Users\Kwang\KwangExperiment\GCPToLookerStudio\target\semantic_manifest.json
[0m16:26:09.927415 [debug] [MainThread]: Wrote artifact RunExecutionResult to C:\Users\Kwang\KwangExperiment\GCPToLookerStudio\target\run_results.json
[0m16:26:09.928105 [warn ] [MainThread]: [[33mWARNING[0m][DeprecationsSummary]: Deprecated functionality
Summary of encountered deprecations:
- ModelParamUsageDeprecation: 1 occurrence
To see all deprecation instances instead of just the first occurrence of each,
run command again with the `--show-all-deprecations` flag. You may also need to
run with `--no-partial-parse` as some deprecations are only encountered during
parsing.
[0m16:26:09.928105 [debug] [MainThread]: Command `dbt compile` succeeded at 16:26:09.928105 after 13.83 seconds
[0m16:26:09.928105 [debug] [MainThread]: Sending event: {'category': 'dbt', 'action': 'invocation', 'label': 'end', 'context': [<snowplow_tracker.self_describing_json.SelfDescribingJson object at 0x000001E4B5A86110>, <snowplow_tracker.self_describing_json.SelfDescribingJson object at 0x000001E4B5B54E20>, <snowplow_tracker.self_describing_json.SelfDescribingJson object at 0x000001E4B5C24280>]}
[0m16:26:09.928105 [debug] [MainThread]: Flushing usage events
[0m16:26:10.424273 [debug] [MainThread]: An error was encountered while trying to flush usage events
[0m16:28:29.838577 [debug] [MainThread]: Sending event: {'category': 'dbt', 'action': 'invocation', 'label': 'start', 'context': [<snowplow_tracker.self_describing_json.SelfDescribingJson object at 0x000001A468A860B0>, <snowplow_tracker.self_describing_json.SelfDescribingJson object at 0x000001A46A269120>, <snowplow_tracker.self_describing_json.SelfDescribingJson object at 0x000001A46A8CFDC0>]}


============================== 16:28:29.838577 | 516e7011-b57f-488e-a517-486b5193bbe6 ==============================
[0m16:28:29.838577 [info ] [MainThread]: Running with dbt=1.10.3
[0m16:28:29.854296 [debug] [MainThread]: running dbt with arguments {'printer_width': '80', 'indirect_selection': 'eager', 'write_json': 'True', 'log_cache_events': 'False', 'partial_parse': 'True', 'cache_selected_only': 'False', 'profiles_dir': 'C:\\Users\\Kwang\\.dbt', 'version_check': 'True', 'fail_fast': 'False', 'log_path': 'C:\\Users\\Kwang\\KwangExperiment\\GCPToLookerStudio\\logs', 'debug': 'False', 'warn_error': 'None', 'use_colors': 'True', 'use_experimental_parser': 'False', 'empty': 'False', 'quiet': 'False', 'no_print': 'None', 'warn_error_options': 'WarnErrorOptionsV2(error=[], warn=[], silence=[])', 'static_parser': 'True', 'introspect': 'True', 'log_format': 'default', 'target_path': 'None', 'invocation_command': 'dbt compile -m stg_properties', 'send_anonymous_usage_stats': 'True'}
[0m16:28:29.854296 [warn ] [MainThread]: [[33mWARNING[0m]: Deprecated functionality
Usage of `--models`, `--model`, and `-m` is deprecated in favor of
`--resource-type model --select`
[0m16:28:29.854296 [debug] [MainThread]: Sending event: {'category': 'dbt', 'action': 'deprecation', 'label': '516e7011-b57f-488e-a517-486b5193bbe6', 'property_': 'warn', 'context': [<snowplow_tracker.self_describing_json.SelfDescribingJson object at 0x000001A46A26A080>]}
[0m16:28:33.275802 [debug] [MainThread]: Sending event: {'category': 'dbt', 'action': 'project_id', 'label': '516e7011-b57f-488e-a517-486b5193bbe6', 'context': [<snowplow_tracker.self_describing_json.SelfDescribingJson object at 0x000001A468C235B0>]}
[0m16:28:33.339134 [debug] [MainThread]: Sending event: {'category': 'dbt', 'action': 'adapter_info', 'label': '516e7011-b57f-488e-a517-486b5193bbe6', 'context': [<snowplow_tracker.self_describing_json.SelfDescribingJson object at 0x000001A46A26AB30>]}
[0m16:28:33.339134 [info ] [MainThread]: Registered adapter: bigquery=1.9.2
[0m16:28:34.047490 [debug] [MainThread]: checksum: 1bfacb87e6914c9942cfa2c4badfc1df19d859fe8ec086286ef238a7d920f97b, vars: {}, profile: , target: , version: 1.10.3
[0m16:28:34.183036 [info ] [MainThread]: Unable to do partial parsing because a project config has changed
[0m16:28:34.183036 [debug] [MainThread]: Sending event: {'category': 'dbt', 'action': 'partial_parser', 'label': '516e7011-b57f-488e-a517-486b5193bbe6', 'context': [<snowplow_tracker.self_describing_json.SelfDescribingJson object at 0x000001A46A227910>]}
[0m16:28:35.656690 [error] [MainThread]: Encountered an error:
Parsing Error in model main (dbt\main.py)
  dbt allows exactly one model defined per python file, found 0
[0m16:28:35.656690 [warn ] [MainThread]: [[33mWARNING[0m][DeprecationsSummary]: Deprecated functionality
Summary of encountered deprecations:
- ModelParamUsageDeprecation: 1 occurrence
To see all deprecation instances instead of just the first occurrence of each,
run command again with the `--show-all-deprecations` flag. You may also need to
run with `--no-partial-parse` as some deprecations are only encountered during
parsing.
[0m16:28:35.656690 [debug] [MainThread]: Command `dbt compile` failed at 16:28:35.656690 after 6.12 seconds
[0m16:28:35.656690 [debug] [MainThread]: Sending event: {'category': 'dbt', 'action': 'invocation', 'label': 'end', 'context': [<snowplow_tracker.self_describing_json.SelfDescribingJson object at 0x000001A468A860B0>, <snowplow_tracker.self_describing_json.SelfDescribingJson object at 0x000001A48BEDF220>, <snowplow_tracker.self_describing_json.SelfDescribingJson object at 0x000001A48BEDEFB0>]}
[0m16:28:35.656690 [debug] [MainThread]: Flushing usage events
[0m16:28:36.094412 [debug] [MainThread]: An error was encountered while trying to flush usage events
[0m16:32:23.842542 [debug] [MainThread]: Sending event: {'category': 'dbt', 'action': 'invocation', 'label': 'start', 'context': [<snowplow_tracker.self_describing_json.SelfDescribingJson object at 0x00000204CBDE6170>, <snowplow_tracker.self_describing_json.SelfDescribingJson object at 0x00000204CCCFC910>, <snowplow_tracker.self_describing_json.SelfDescribingJson object at 0x00000204CCCFC730>]}


============================== 16:32:23.855283 | fb2fd195-d028-4df4-96cf-7145275060c5 ==============================
[0m16:32:23.855283 [info ] [MainThread]: Running with dbt=1.10.3
[0m16:32:23.858318 [debug] [MainThread]: running dbt with arguments {'printer_width': '80', 'indirect_selection': 'eager', 'write_json': 'True', 'log_cache_events': 'False', 'partial_parse': 'True', 'cache_selected_only': 'False', 'profiles_dir': 'C:\\Users\\Kwang\\.dbt', 'version_check': 'True', 'warn_error': 'None', 'log_path': 'C:\\Users\\Kwang\\KwangExperiment\\GCPToLookerStudio\\logs', 'debug': 'False', 'fail_fast': 'False', 'use_colors': 'True', 'use_experimental_parser': 'False', 'empty': 'False', 'quiet': 'False', 'no_print': 'None', 'warn_error_options': 'WarnErrorOptionsV2(error=[], warn=[], silence=[])', 'invocation_command': 'dbt compile -m stg_properties', 'log_format': 'default', 'introspect': 'True', 'target_path': 'None', 'static_parser': 'True', 'send_anonymous_usage_stats': 'True'}
[0m16:32:23.858318 [warn ] [MainThread]: [[33mWARNING[0m]: Deprecated functionality
Usage of `--models`, `--model`, and `-m` is deprecated in favor of
`--resource-type model --select`
[0m16:32:23.858318 [debug] [MainThread]: Sending event: {'category': 'dbt', 'action': 'deprecation', 'label': 'fb2fd195-d028-4df4-96cf-7145275060c5', 'property_': 'warn', 'context': [<snowplow_tracker.self_describing_json.SelfDescribingJson object at 0x00000204CCCFC610>]}
[0m16:32:27.290513 [debug] [MainThread]: Sending event: {'category': 'dbt', 'action': 'project_id', 'label': 'fb2fd195-d028-4df4-96cf-7145275060c5', 'context': [<snowplow_tracker.self_describing_json.SelfDescribingJson object at 0x00000204F7BBB190>]}
[0m16:32:27.353946 [debug] [MainThread]: Sending event: {'category': 'dbt', 'action': 'adapter_info', 'label': 'fb2fd195-d028-4df4-96cf-7145275060c5', 'context': [<snowplow_tracker.self_describing_json.SelfDescribingJson object at 0x00000204CCCFE2F0>]}
[0m16:32:27.353946 [info ] [MainThread]: Registered adapter: bigquery=1.9.2
[0m16:32:28.026732 [debug] [MainThread]: checksum: 1bfacb87e6914c9942cfa2c4badfc1df19d859fe8ec086286ef238a7d920f97b, vars: {}, profile: , target: , version: 1.10.3
[0m16:32:28.080130 [info ] [MainThread]: Unable to do partial parsing because a project config has changed
[0m16:32:28.080130 [debug] [MainThread]: Sending event: {'category': 'dbt', 'action': 'partial_parser', 'label': 'fb2fd195-d028-4df4-96cf-7145275060c5', 'context': [<snowplow_tracker.self_describing_json.SelfDescribingJson object at 0x00000204CC5F5930>]}
[0m16:32:29.151868 [error] [MainThread]: Encountered an error:
Parsing Error in model main (dbt\main.py)
  dbt allows exactly one model defined per python file, found 0
[0m16:32:29.151868 [warn ] [MainThread]: [[33mWARNING[0m][DeprecationsSummary]: Deprecated functionality
Summary of encountered deprecations:
- ModelParamUsageDeprecation: 1 occurrence
To see all deprecation instances instead of just the first occurrence of each,
run command again with the `--show-all-deprecations` flag. You may also need to
run with `--no-partial-parse` as some deprecations are only encountered during
parsing.
[0m16:32:29.151868 [debug] [MainThread]: Command `dbt compile` failed at 16:32:29.151868 after 5.49 seconds
[0m16:32:29.156806 [debug] [MainThread]: Sending event: {'category': 'dbt', 'action': 'invocation', 'label': 'end', 'context': [<snowplow_tracker.self_describing_json.SelfDescribingJson object at 0x00000204CBDE6170>, <snowplow_tracker.self_describing_json.SelfDescribingJson object at 0x00000204F91A9C00>, <snowplow_tracker.self_describing_json.SelfDescribingJson object at 0x00000204F92159C0>]}
[0m16:32:29.156806 [debug] [MainThread]: Flushing usage events
[0m16:32:29.571227 [debug] [MainThread]: An error was encountered while trying to flush usage events
[0m16:33:34.277772 [debug] [MainThread]: Sending event: {'category': 'dbt', 'action': 'invocation', 'label': 'start', 'context': [<snowplow_tracker.self_describing_json.SelfDescribingJson object at 0x00000228EA086140>, <snowplow_tracker.self_describing_json.SelfDescribingJson object at 0x00000228EAF11DE0>, <snowplow_tracker.self_describing_json.SelfDescribingJson object at 0x00000228EAF13850>]}


============================== 16:33:34.277772 | b0d4e0d0-d5cc-4b6c-b2b3-c9a2645c407e ==============================
[0m16:33:34.277772 [info ] [MainThread]: Running with dbt=1.10.3
[0m16:33:34.285113 [debug] [MainThread]: running dbt with arguments {'printer_width': '80', 'indirect_selection': 'eager', 'write_json': 'True', 'log_cache_events': 'False', 'partial_parse': 'True', 'cache_selected_only': 'False', 'warn_error': 'None', 'fail_fast': 'False', 'debug': 'False', 'log_path': 'C:\\Users\\Kwang\\KwangExperiment\\GCPToLookerStudio\\logs', 'profiles_dir': 'C:\\Users\\Kwang\\.dbt', 'version_check': 'True', 'use_colors': 'True', 'use_experimental_parser': 'False', 'empty': 'False', 'quiet': 'False', 'no_print': 'None', 'log_format': 'default', 'static_parser': 'True', 'warn_error_options': 'WarnErrorOptionsV2(error=[], warn=[], silence=[])', 'introspect': 'True', 'target_path': 'None', 'invocation_command': 'dbt compile -m stg_properties', 'send_anonymous_usage_stats': 'True'}
[0m16:33:34.285113 [warn ] [MainThread]: [[33mWARNING[0m]: Deprecated functionality
Usage of `--models`, `--model`, and `-m` is deprecated in favor of
`--resource-type model --select`
[0m16:33:34.285113 [debug] [MainThread]: Sending event: {'category': 'dbt', 'action': 'deprecation', 'label': 'b0d4e0d0-d5cc-4b6c-b2b3-c9a2645c407e', 'property_': 'warn', 'context': [<snowplow_tracker.self_describing_json.SelfDescribingJson object at 0x00000228EAF10AF0>]}
[0m16:33:37.879851 [debug] [MainThread]: Sending event: {'category': 'dbt', 'action': 'project_id', 'label': 'b0d4e0d0-d5cc-4b6c-b2b3-c9a2645c407e', 'context': [<snowplow_tracker.self_describing_json.SelfDescribingJson object at 0x00000228EAF4D9F0>]}
[0m16:33:37.952355 [debug] [MainThread]: Sending event: {'category': 'dbt', 'action': 'adapter_info', 'label': 'b0d4e0d0-d5cc-4b6c-b2b3-c9a2645c407e', 'context': [<snowplow_tracker.self_describing_json.SelfDescribingJson object at 0x00000228EA897A00>]}
[0m16:33:37.952355 [info ] [MainThread]: Registered adapter: bigquery=1.9.2
[0m16:33:38.640888 [debug] [MainThread]: checksum: 1bfacb87e6914c9942cfa2c4badfc1df19d859fe8ec086286ef238a7d920f97b, vars: {}, profile: , target: , version: 1.10.3
[0m16:33:38.688142 [info ] [MainThread]: Unable to do partial parsing because a project config has changed
[0m16:33:38.688142 [debug] [MainThread]: Sending event: {'category': 'dbt', 'action': 'partial_parser', 'label': 'b0d4e0d0-d5cc-4b6c-b2b3-c9a2645c407e', 'context': [<snowplow_tracker.self_describing_json.SelfDescribingJson object at 0x00000228EAF78E20>]}
[0m16:33:39.803551 [error] [MainThread]: Encountered an error:
Parsing Error in model test_column_consistency (dbt\tests\test_column_consistency.py)
  dbt allows exactly one model defined per python file, found 0
[0m16:33:39.803551 [warn ] [MainThread]: [[33mWARNING[0m][DeprecationsSummary]: Deprecated functionality
Summary of encountered deprecations:
- ModelParamUsageDeprecation: 1 occurrence
To see all deprecation instances instead of just the first occurrence of each,
run command again with the `--show-all-deprecations` flag. You may also need to
run with `--no-partial-parse` as some deprecations are only encountered during
parsing.
[0m16:33:39.803551 [debug] [MainThread]: Command `dbt compile` failed at 16:33:39.803551 after 5.64 seconds
[0m16:33:39.803551 [debug] [MainThread]: Sending event: {'category': 'dbt', 'action': 'invocation', 'label': 'end', 'context': [<snowplow_tracker.self_describing_json.SelfDescribingJson object at 0x00000228EA086140>, <snowplow_tracker.self_describing_json.SelfDescribingJson object at 0x00000228974F54B0>, <snowplow_tracker.self_describing_json.SelfDescribingJson object at 0x00000228974F5BD0>]}
[0m16:33:39.803551 [debug] [MainThread]: Flushing usage events
[0m16:33:40.226993 [debug] [MainThread]: An error was encountered while trying to flush usage events
